The C compiler identification could not be found in "/home/spider/C++_projects/BlockKLU/CMakeFiles/CompilerIdC/CMakeCCompilerId.c.opari.inc"

The C compiler identification could not be found in "/home/spider/C++_projects/BlockKLU/CMakeFiles/CompilerIdC/opari.tab.o"

The C compiler identification could not be found in "/home/spider/C++_projects/BlockKLU/CMakeFiles/CompilerIdC/CMakeCCompilerId.mod.c"

The C compiler identification could not be found in "/home/spider/C++_projects/BlockKLU/CMakeFiles/CompilerIdC/opari.tab.c"

The CXX compiler identification could not be found in "/home/spider/C++_projects/BlockKLU/CMakeFiles/CompilerIdCXX/opari.tab.o"

The CXX compiler identification could not be found in "/home/spider/C++_projects/BlockKLU/CMakeFiles/CompilerIdCXX/CMakeCXXCompilerId.cpp.opari.inc"

The CXX compiler identification could not be found in "/home/spider/C++_projects/BlockKLU/CMakeFiles/CompilerIdCXX/opari.tab.c"

Detecting C compiler ABI info failed to compile with the following output:
Change Dir: /home/spider/C++_projects/BlockKLU/CMakeFiles/CMakeTmp

Run Build Command:/usr/bin/make "cmTryCompileExec/fast"
/usr/bin/make -f CMakeFiles/cmTryCompileExec.dir/build.make CMakeFiles/cmTryCompileExec.dir/build
make[1]: Entering directory `/home/spider/C++_projects/BlockKLU/CMakeFiles/CMakeTmp'
/usr/bin/cmake -E cmake_progress_report /home/spider/C++_projects/BlockKLU/CMakeFiles/CMakeTmp/CMakeFiles 1
Building C object CMakeFiles/cmTryCompileExec.dir/CMakeCCompilerABI.c.o
/home/spider/original/ompp-0.7.1/Installation/bin/kinst-ompp  gcc   -o CMakeFiles/cmTryCompileExec.dir/CMakeCCompilerABI.c.o   -c /usr/share/cmake-2.8/Modules/CMakeCCompilerABI.c
ERROR: cannot open output file /usr/share/cmake-2.8/Modules/CMakeCCompilerABI.mod.c
usage: /home/spider/original/ompp-0.7.1/Installation/bin/opari [-f77|-f90|-c|-c++] [-nosrc]
       [-disable <construct>[,<construct>]...]
       [-rcfile <file>] [-table <tabfile>] <infile> [<outfile>]
   or: /home/spider/original/ompp-0.7.1/Installation/bin/opari [-rcfile <file>] -table <tabfile>
make[1]: *** [CMakeFiles/cmTryCompileExec.dir/CMakeCCompilerABI.c.o] Error 1
make[1]: Leaving directory `/home/spider/C++_projects/BlockKLU/CMakeFiles/CMakeTmp'
make: *** [cmTryCompileExec/fast] Error 2


Detecting CXX compiler ABI info failed to compile with the following output:
Change Dir: /home/spider/C++_projects/BlockKLU/CMakeFiles/CMakeTmp

Run Build Command:/usr/bin/make "cmTryCompileExec/fast"
/usr/bin/make -f CMakeFiles/cmTryCompileExec.dir/build.make CMakeFiles/cmTryCompileExec.dir/build
make[1]: Entering directory `/home/spider/C++_projects/BlockKLU/CMakeFiles/CMakeTmp'
/usr/bin/cmake -E cmake_progress_report /home/spider/C++_projects/BlockKLU/CMakeFiles/CMakeTmp/CMakeFiles 1
Building CXX object CMakeFiles/cmTryCompileExec.dir/CMakeCXXCompilerABI.cpp.o
/home/spider/original/ompp-0.7.1/Installation/bin/kinst-ompp  g++    -o CMakeFiles/cmTryCompileExec.dir/CMakeCXXCompilerABI.cpp.o -c /usr/share/cmake-2.8/Modules/CMakeCXXCompilerABI.cpp
ERROR: cannot open output file /usr/share/cmake-2.8/Modules/CMakeCXXCompilerABI.mod.cpp
usage: /home/spider/original/ompp-0.7.1/Installation/bin/opari [-f77|-f90|-c|-c++] [-nosrc]
       [-disable <construct>[,<construct>]...]
       [-rcfile <file>] [-table <tabfile>] <infile> [<outfile>]
   or: /home/spider/original/ompp-0.7.1/Installation/bin/opari [-rcfile <file>] -table <tabfile>
make[1]: Leaving directory `/home/spider/C++_projects/BlockKLU/CMakeFiles/CMakeTmp'
make[1]: *** [CMakeFiles/cmTryCompileExec.dir/CMakeCXXCompilerABI.cpp.o] Error 1
make: *** [cmTryCompileExec/fast] Error 2


The C compiler identification could not be found in "/home/spider/C++_projects/BlockKLU/CMakeFiles/CompilerIdC/CMakeCCompilerId.c.opari.inc"

The C compiler identification could not be found in "/home/spider/C++_projects/BlockKLU/CMakeFiles/CompilerIdC/opari.tab.o"

The C compiler identification could not be found in "/home/spider/C++_projects/BlockKLU/CMakeFiles/CompilerIdC/CMakeCCompilerId.mod.c"

The C compiler identification could not be found in "/home/spider/C++_projects/BlockKLU/CMakeFiles/CompilerIdC/opari.tab.c"

The CXX compiler identification could not be found in "/home/spider/C++_projects/BlockKLU/CMakeFiles/CompilerIdCXX/opari.tab.o"

The CXX compiler identification could not be found in "/home/spider/C++_projects/BlockKLU/CMakeFiles/CompilerIdCXX/CMakeCXXCompilerId.cpp.opari.inc"

The CXX compiler identification could not be found in "/home/spider/C++_projects/BlockKLU/CMakeFiles/CompilerIdCXX/opari.tab.c"

Detecting C compiler ABI info failed to compile with the following output:
Change Dir: /home/spider/C++_projects/BlockKLU/CMakeFiles/CMakeTmp

Run Build Command:/usr/bin/make "cmTryCompileExec/fast"
/usr/bin/make -f CMakeFiles/cmTryCompileExec.dir/build.make CMakeFiles/cmTryCompileExec.dir/build
make[1]: Entering directory `/home/spider/C++_projects/BlockKLU/CMakeFiles/CMakeTmp'
/usr/bin/cmake -E cmake_progress_report /home/spider/C++_projects/BlockKLU/CMakeFiles/CMakeTmp/CMakeFiles 1
Building C object CMakeFiles/cmTryCompileExec.dir/CMakeCCompilerABI.c.o
/home/spider/original/ompp-0.7.1/Installation/bin/kinst-ompp  gcc   -o CMakeFiles/cmTryCompileExec.dir/CMakeCCompilerABI.c.o   -c /usr/share/cmake-2.8/Modules/CMakeCCompilerABI.c
ERROR: cannot open output file /usr/share/cmake-2.8/Modules/CMakeCCompilerABI.mod.c
usage: /home/spider/original/ompp-0.7.1/Installation/bin/opari [-f77|-f90|-c|-c++] [-nosrc]
       [-disable <construct>[,<construct>]...]
       [-rcfile <file>] [-table <tabfile>] <infile> [<outfile>]
   or: /home/spider/original/ompp-0.7.1/Installation/bin/opari [-rcfile <file>] -table <tabfile>
make[1]: *** [CMakeFiles/cmTryCompileExec.dir/CMakeCCompilerABI.c.o] Error 1
make[1]: Leaving directory `/home/spider/C++_projects/BlockKLU/CMakeFiles/CMakeTmp'
make: *** [cmTryCompileExec/fast] Error 2


Detecting CXX compiler ABI info failed to compile with the following output:
Change Dir: /home/spider/C++_projects/BlockKLU/CMakeFiles/CMakeTmp

Run Build Command:/usr/bin/make "cmTryCompileExec/fast"
/usr/bin/make -f CMakeFiles/cmTryCompileExec.dir/build.make CMakeFiles/cmTryCompileExec.dir/build
make[1]: Entering directory `/home/spider/C++_projects/BlockKLU/CMakeFiles/CMakeTmp'
/usr/bin/cmake -E cmake_progress_report /home/spider/C++_projects/BlockKLU/CMakeFiles/CMakeTmp/CMakeFiles 1
Building CXX object CMakeFiles/cmTryCompileExec.dir/CMakeCXXCompilerABI.cpp.o
/home/spider/original/ompp-0.7.1/Installation/bin/kinst-ompp  g++    -o CMakeFiles/cmTryCompileExec.dir/CMakeCXXCompilerABI.cpp.o -c /usr/share/cmake-2.8/Modules/CMakeCXXCompilerABI.cpp
ERROR: cannot open output file /usr/share/cmake-2.8/Modules/CMakeCXXCompilerABI.mod.cpp
usage: /home/spider/original/ompp-0.7.1/Installation/bin/opari [-f77|-f90|-c|-c++] [-nosrc]
       [-disable <construct>[,<construct>]...]
       [-rcfile <file>] [-table <tabfile>] <infile> [<outfile>]
   or: /home/spider/original/ompp-0.7.1/Installation/bin/opari [-rcfile <file>] -table <tabfile>
make[1]: Leaving directory `/home/spider/C++_projects/BlockKLU/CMakeFiles/CMakeTmp'
make[1]: *** [CMakeFiles/cmTryCompileExec.dir/CMakeCXXCompilerABI.cpp.o] Error 1
make: *** [cmTryCompileExec/fast] Error 2


The C compiler identification could not be found in "/home/spider/C++_projects/BlockKLU/CMakeFiles/CompilerIdC/CMakeCCompilerId.c.opari.inc"

The C compiler identification could not be found in "/home/spider/C++_projects/BlockKLU/CMakeFiles/CompilerIdC/opari.tab.o"

The C compiler identification could not be found in "/home/spider/C++_projects/BlockKLU/CMakeFiles/CompilerIdC/CMakeCCompilerId.mod.c"

The C compiler identification could not be found in "/home/spider/C++_projects/BlockKLU/CMakeFiles/CompilerIdC/opari.tab.c"

The CXX compiler identification could not be found in "/home/spider/C++_projects/BlockKLU/CMakeFiles/CompilerIdCXX/opari.tab.o"

The CXX compiler identification could not be found in "/home/spider/C++_projects/BlockKLU/CMakeFiles/CompilerIdCXX/CMakeCXXCompilerId.cpp.opari.inc"

The CXX compiler identification could not be found in "/home/spider/C++_projects/BlockKLU/CMakeFiles/CompilerIdCXX/opari.tab.c"

Detecting C compiler ABI info failed to compile with the following output:
Change Dir: /home/spider/C++_projects/BlockKLU/CMakeFiles/CMakeTmp

Run Build Command:/usr/bin/make "cmTryCompileExec/fast"
/usr/bin/make -f CMakeFiles/cmTryCompileExec.dir/build.make CMakeFiles/cmTryCompileExec.dir/build
make[1]: Entering directory `/home/spider/C++_projects/BlockKLU/CMakeFiles/CMakeTmp'
/usr/bin/cmake -E cmake_progress_report /home/spider/C++_projects/BlockKLU/CMakeFiles/CMakeTmp/CMakeFiles 1
Building C object CMakeFiles/cmTryCompileExec.dir/CMakeCCompilerABI.c.o
/home/spider/original/ompp-0.7.1/Installation/bin/kinst-ompp  gcc   -o CMakeFiles/cmTryCompileExec.dir/CMakeCCompilerABI.c.o   -c /usr/share/cmake-2.8/Modules/CMakeCCompilerABI.c
ERROR: cannot open output file /usr/share/cmake-2.8/Modules/CMakeCCompilerABI.mod.c
usage: /home/spider/original/ompp-0.7.1/Installation/bin/opari [-f77|-f90|-c|-c++] [-nosrc]
       [-disable <construct>[,<construct>]...]
       [-rcfile <file>] [-table <tabfile>] <infile> [<outfile>]
   or: /home/spider/original/ompp-0.7.1/Installation/bin/opari [-rcfile <file>] -table <tabfile>
make[1]: *** [CMakeFiles/cmTryCompileExec.dir/CMakeCCompilerABI.c.o] Error 1
make[1]: Leaving directory `/home/spider/C++_projects/BlockKLU/CMakeFiles/CMakeTmp'
make: *** [cmTryCompileExec/fast] Error 2


Detecting CXX compiler ABI info failed to compile with the following output:
Change Dir: /home/spider/C++_projects/BlockKLU/CMakeFiles/CMakeTmp

Run Build Command:/usr/bin/make "cmTryCompileExec/fast"
/usr/bin/make -f CMakeFiles/cmTryCompileExec.dir/build.make CMakeFiles/cmTryCompileExec.dir/build
make[1]: Entering directory `/home/spider/C++_projects/BlockKLU/CMakeFiles/CMakeTmp'
/usr/bin/cmake -E cmake_progress_report /home/spider/C++_projects/BlockKLU/CMakeFiles/CMakeTmp/CMakeFiles 1
Building CXX object CMakeFiles/cmTryCompileExec.dir/CMakeCXXCompilerABI.cpp.o
/home/spider/original/ompp-0.7.1/Installation/bin/kinst-ompp  g++    -o CMakeFiles/cmTryCompileExec.dir/CMakeCXXCompilerABI.cpp.o -c /usr/share/cmake-2.8/Modules/CMakeCXXCompilerABI.cpp
ERROR: cannot open output file /usr/share/cmake-2.8/Modules/CMakeCXXCompilerABI.mod.cpp
usage: /home/spider/original/ompp-0.7.1/Installation/bin/opari [-f77|-f90|-c|-c++] [-nosrc]
       [-disable <construct>[,<construct>]...]
       [-rcfile <file>] [-table <tabfile>] <infile> [<outfile>]
   or: /home/spider/original/ompp-0.7.1/Installation/bin/opari [-rcfile <file>] -table <tabfile>
make[1]: Leaving directory `/home/spider/C++_projects/BlockKLU/CMakeFiles/CMakeTmp'
make[1]: *** [CMakeFiles/cmTryCompileExec.dir/CMakeCXXCompilerABI.cpp.o] Error 1
make: *** [cmTryCompileExec/fast] Error 2


The C compiler identification could not be found in "/home/spider/C++_projects/BlockKLU/CMakeFiles/CompilerIdC/CMakeCCompilerId.c.opari.inc"

The C compiler identification could not be found in "/home/spider/C++_projects/BlockKLU/CMakeFiles/CompilerIdC/opari.tab.o"

The C compiler identification could not be found in "/home/spider/C++_projects/BlockKLU/CMakeFiles/CompilerIdC/CMakeCCompilerId.mod.c"

The C compiler identification could not be found in "/home/spider/C++_projects/BlockKLU/CMakeFiles/CompilerIdC/opari.tab.c"

The CXX compiler identification could not be found in "/home/spider/C++_projects/BlockKLU/CMakeFiles/CompilerIdCXX/opari.tab.o"

The CXX compiler identification could not be found in "/home/spider/C++_projects/BlockKLU/CMakeFiles/CompilerIdCXX/CMakeCXXCompilerId.cpp.opari.inc"

The CXX compiler identification could not be found in "/home/spider/C++_projects/BlockKLU/CMakeFiles/CompilerIdCXX/opari.tab.c"

Detecting C compiler ABI info failed to compile with the following output:
Change Dir: /home/spider/C++_projects/BlockKLU/CMakeFiles/CMakeTmp

Run Build Command:/usr/bin/make "cmTryCompileExec/fast"
/usr/bin/make -f CMakeFiles/cmTryCompileExec.dir/build.make CMakeFiles/cmTryCompileExec.dir/build
make[1]: Entering directory `/home/spider/C++_projects/BlockKLU/CMakeFiles/CMakeTmp'
/usr/bin/cmake -E cmake_progress_report /home/spider/C++_projects/BlockKLU/CMakeFiles/CMakeTmp/CMakeFiles 1
Building C object CMakeFiles/cmTryCompileExec.dir/CMakeCCompilerABI.c.o
/home/spider/original/ompp-0.7.1/Installation/bin/kinst-ompp  gcc   -o CMakeFiles/cmTryCompileExec.dir/CMakeCCompilerABI.c.o   -c /usr/share/cmake-2.8/Modules/CMakeCCompilerABI.c
ERROR: cannot open output file /usr/share/cmake-2.8/Modules/CMakeCCompilerABI.mod.c
usage: /home/spider/original/ompp-0.7.1/Installation/bin/opari [-f77|-f90|-c|-c++] [-nosrc]
       [-disable <construct>[,<construct>]...]
       [-rcfile <file>] [-table <tabfile>] <infile> [<outfile>]
   or: /home/spider/original/ompp-0.7.1/Installation/bin/opari [-rcfile <file>] -table <tabfile>
make[1]: Leaving directory `/home/spider/C++_projects/BlockKLU/CMakeFiles/CMakeTmp'
make[1]: *** [CMakeFiles/cmTryCompileExec.dir/CMakeCCompilerABI.c.o] Error 1
make: *** [cmTryCompileExec/fast] Error 2


Detecting CXX compiler ABI info failed to compile with the following output:
Change Dir: /home/spider/C++_projects/BlockKLU/CMakeFiles/CMakeTmp

Run Build Command:/usr/bin/make "cmTryCompileExec/fast"
/usr/bin/make -f CMakeFiles/cmTryCompileExec.dir/build.make CMakeFiles/cmTryCompileExec.dir/build
make[1]: Entering directory `/home/spider/C++_projects/BlockKLU/CMakeFiles/CMakeTmp'
/usr/bin/cmake -E cmake_progress_report /home/spider/C++_projects/BlockKLU/CMakeFiles/CMakeTmp/CMakeFiles 1
Building CXX object CMakeFiles/cmTryCompileExec.dir/CMakeCXXCompilerABI.cpp.o
/home/spider/original/ompp-0.7.1/Installation/bin/kinst-ompp  g++    -o CMakeFiles/cmTryCompileExec.dir/CMakeCXXCompilerABI.cpp.o -c /usr/share/cmake-2.8/Modules/CMakeCXXCompilerABI.cpp
ERROR: cannot open output file /usr/share/cmake-2.8/Modules/CMakeCXXCompilerABI.mod.cpp
usage: /home/spider/original/ompp-0.7.1/Installation/bin/opari [-f77|-f90|-c|-c++] [-nosrc]
       [-disable <construct>[,<construct>]...]
       [-rcfile <file>] [-table <tabfile>] <infile> [<outfile>]
   or: /home/spider/original/ompp-0.7.1/Installation/bin/opari [-rcfile <file>] -table <tabfile>
make[1]: Leaving directory `/home/spider/C++_projects/BlockKLU/CMakeFiles/CMakeTmp'
make[1]: *** [CMakeFiles/cmTryCompileExec.dir/CMakeCXXCompilerABI.cpp.o] Error 1
make: *** [cmTryCompileExec/fast] Error 2


The C compiler identification could not be found in "/home/spider/C++_projects/BlockKLU/CMakeFiles/CompilerIdC/CMakeCCompilerId.c.opari.inc"

The C compiler identification could not be found in "/home/spider/C++_projects/BlockKLU/CMakeFiles/CompilerIdC/opari.tab.o"

The C compiler identification could not be found in "/home/spider/C++_projects/BlockKLU/CMakeFiles/CompilerIdC/CMakeCCompilerId.mod.c"

The C compiler identification could not be found in "/home/spider/C++_projects/BlockKLU/CMakeFiles/CompilerIdC/opari.tab.c"

The CXX compiler identification could not be found in "/home/spider/C++_projects/BlockKLU/CMakeFiles/CompilerIdCXX/opari.tab.o"

The CXX compiler identification could not be found in "/home/spider/C++_projects/BlockKLU/CMakeFiles/CompilerIdCXX/CMakeCXXCompilerId.cpp.opari.inc"

The CXX compiler identification could not be found in "/home/spider/C++_projects/BlockKLU/CMakeFiles/CompilerIdCXX/opari.tab.c"

Detecting C compiler ABI info failed to compile with the following output:
Change Dir: /home/spider/C++_projects/BlockKLU/CMakeFiles/CMakeTmp

Run Build Command:/usr/bin/make "cmTryCompileExec/fast"
/usr/bin/make -f CMakeFiles/cmTryCompileExec.dir/build.make CMakeFiles/cmTryCompileExec.dir/build
make[1]: Entering directory `/home/spider/C++_projects/BlockKLU/CMakeFiles/CMakeTmp'
/usr/bin/cmake -E cmake_progress_report /home/spider/C++_projects/BlockKLU/CMakeFiles/CMakeTmp/CMakeFiles 1
Building C object CMakeFiles/cmTryCompileExec.dir/CMakeCCompilerABI.c.o
/home/spider/original/ompp-0.7.1/Installation/bin/kinst-ompp  gcc   -o CMakeFiles/cmTryCompileExec.dir/CMakeCCompilerABI.c.o   -c /usr/share/cmake-2.8/Modules/CMakeCCompilerABI.c
ERROR: cannot open output file /usr/share/cmake-2.8/Modules/CMakeCCompilerABI.mod.c
usage: /home/spider/original/ompp-0.7.1/Installation/bin/opari [-f77|-f90|-c|-c++] [-nosrc]
       [-disable <construct>[,<construct>]...]
       [-rcfile <file>] [-table <tabfile>] <infile> [<outfile>]
   or: /home/spider/original/ompp-0.7.1/Installation/bin/opari [-rcfile <file>] -table <tabfile>
make[1]: *** [CMakeFiles/cmTryCompileExec.dir/CMakeCCompilerABI.c.o] Error 1
make[1]: Leaving directory `/home/spider/C++_projects/BlockKLU/CMakeFiles/CMakeTmp'
make: *** [cmTryCompileExec/fast] Error 2


Detecting CXX compiler ABI info failed to compile with the following output:
Change Dir: /home/spider/C++_projects/BlockKLU/CMakeFiles/CMakeTmp

Run Build Command:/usr/bin/make "cmTryCompileExec/fast"
/usr/bin/make -f CMakeFiles/cmTryCompileExec.dir/build.make CMakeFiles/cmTryCompileExec.dir/build
make[1]: Entering directory `/home/spider/C++_projects/BlockKLU/CMakeFiles/CMakeTmp'
/usr/bin/cmake -E cmake_progress_report /home/spider/C++_projects/BlockKLU/CMakeFiles/CMakeTmp/CMakeFiles 1
Building CXX object CMakeFiles/cmTryCompileExec.dir/CMakeCXXCompilerABI.cpp.o
/home/spider/original/ompp-0.7.1/Installation/bin/kinst-ompp  g++    -o CMakeFiles/cmTryCompileExec.dir/CMakeCXXCompilerABI.cpp.o -c /usr/share/cmake-2.8/Modules/CMakeCXXCompilerABI.cpp
ERROR: cannot open output file /usr/share/cmake-2.8/Modules/CMakeCXXCompilerABI.mod.cpp
usage: /home/spider/original/ompp-0.7.1/Installation/bin/opari [-f77|-f90|-c|-c++] [-nosrc]
       [-disable <construct>[,<construct>]...]
       [-rcfile <file>] [-table <tabfile>] <infile> [<outfile>]
   or: /home/spider/original/ompp-0.7.1/Installation/bin/opari [-rcfile <file>] -table <tabfile>
make[1]: Leaving directory `/home/spider/C++_projects/BlockKLU/CMakeFiles/CMakeTmp'
make[1]: *** [CMakeFiles/cmTryCompileExec.dir/CMakeCXXCompilerABI.cpp.o] Error 1
make: *** [cmTryCompileExec/fast] Error 2


